
scontrol show jobid 3155926
JobId=3155926 JobName=debugjob-2-jmrepps
   UserId=jmrepps(3075104) GroupId=jphickey(6004287) MCS_label=N/A
   Priority=11202232 Nice=0 Account=rrg-jphickey QOS=normal
   JobState=FAILED Reason=NonZeroExitCode Dependency=(null)
   Requeue=0 Restarts=0 BatchFlag=0 Reboot=0 ExitCode=1:0
   RunTime=00:23:42 TimeLimit=00:45:00 TimeMin=N/A
   SubmitTime=2020-05-02T17:59:51 EligibleTime=2020-05-02T17:59:51
   AccrueTime=Unknown
   StartTime=2020-05-02T17:59:51 EndTime=2020-05-02T18:23:33 Deadline=N/A
   SuspendTime=None SecsPreSuspend=0 LastSchedEval=2020-05-02T17:59:51
   Partition=debug AllocNode:Sid=nia-login07:15425
   ReqNodeList=(null) ExcNodeList=(null)
   NodeList=nia[0655,0659]
   BatchHost=nia0655
   NumNodes=2 NumCPUs=160 NumTasks=80 CPUs/Task=1 ReqB:S:C:T=0:0:*:*
   TRES=cpu=160,node=2,billing=80
   Socks/Node=* NtasksPerN:B:S:C=0:0:*:* CoreSpec=*
   MinCPUsNode=1 MinMemoryNode=0 MinTmpDiskNode=0
   Features=[skylake|cascade] DelayBoot=00:00:00
   OverSubscribe=NO Contiguous=0 Licenses=(null) Network=(null)
   Command=(null)
   WorkDir=/gpfs/fs0/scratch/j/jphickey/jmrepps/Code
   Power=

sacct -j 3155926
       JobID    JobName    Account    Elapsed  MaxVMSize     MaxRSS  SystemCPU    UserCPU ExitCode 
------------ ---------- ---------- ---------- ---------- ---------- ---------- ---------- -------- 
3155926      debugjob-+ rrg-jphic+   00:23:42                        00:28.490  00:08.699      1:0 
3155926.ext+     extern rrg-jphic+   00:23:42    137132K      1716K  00:00.062  00:00.105      0:0 
3155926.0          bash rrg-jphic+   00:23:39  41923864K   2932056K  00:28.428  00:08.593      1:0 
