
scontrol show jobid 3097044
JobId=3097044 JobName=debugjob-1-jmrepps
   UserId=jmrepps(3075104) GroupId=jphickey(6004287) MCS_label=N/A
   Priority=10999278 Nice=0 Account=rrg-jphickey QOS=normal
   JobState=COMPLETING Reason=NonZeroExitCode Dependency=(null)
   Requeue=0 Restarts=0 BatchFlag=0 Reboot=0 ExitCode=130:0
   RunTime=00:44:05 TimeLimit=01:00:00 TimeMin=N/A
   SubmitTime=2020-04-27T19:32:49 EligibleTime=2020-04-27T19:32:49
   AccrueTime=Unknown
   StartTime=2020-04-27T19:32:49 EndTime=2020-04-27T20:16:54 Deadline=N/A
   SuspendTime=None SecsPreSuspend=0 LastSchedEval=2020-04-27T19:32:49
   Partition=debug AllocNode:Sid=nia-login06:293251
   ReqNodeList=(null) ExcNodeList=(null)
   NodeList=nia0001
   BatchHost=nia0001
   NumNodes=1 NumCPUs=80 NumTasks=40 CPUs/Task=1 ReqB:S:C:T=0:0:*:*
   TRES=cpu=80,node=1,billing=40
   Socks/Node=* NtasksPerN:B:S:C=0:0:*:* CoreSpec=*
   MinCPUsNode=1 MinMemoryNode=0 MinTmpDiskNode=0
   Features=[skylake|cascade] DelayBoot=00:00:00
   OverSubscribe=NO Contiguous=0 Licenses=(null) Network=(null)
   Command=(null)
   WorkDir=/gpfs/fs0/scratch/j/jphickey/jmrepps/Code
   Power=

sacct -j 3097044
       JobID    JobName    Account    Elapsed  MaxVMSize     MaxRSS  SystemCPU    UserCPU ExitCode 
------------ ---------- ---------- ---------- ---------- ---------- ---------- ---------- -------- 
3097044      debugjob-+ rrg-jphic+   00:44:05                        14:34.341   14:10:15      2:0 
3097044.ext+     extern rrg-jphic+   00:44:05    137132K      1712K  00:00.033  00:00.050      0:0 
3097044.0          bash rrg-jphic+   00:44:00  35055276K   3108908K  14:34.307   14:10:15      2:0 
