
scontrol show jobid 3097390
JobId=3097390 JobName=debugjob-1-jmrepps
   UserId=jmrepps(3075104) GroupId=jphickey(6004287) MCS_label=N/A
   Priority=10999278 Nice=0 Account=rrg-jphickey QOS=normal
   JobState=COMPLETING Reason=None Dependency=(null)
   Requeue=0 Restarts=0 BatchFlag=0 Reboot=0 ExitCode=0:0
   RunTime=00:36:02 TimeLimit=01:00:00 TimeMin=N/A
   SubmitTime=2020-04-27T20:42:42 EligibleTime=2020-04-27T20:42:42
   AccrueTime=Unknown
   StartTime=2020-04-27T20:42:42 EndTime=2020-04-27T21:18:44 Deadline=N/A
   SuspendTime=None SecsPreSuspend=0 LastSchedEval=2020-04-27T20:42:42
   Partition=debug AllocNode:Sid=nia-login06:293251
   ReqNodeList=(null) ExcNodeList=(null)
   NodeList=nia0005
   BatchHost=nia0005
   NumNodes=1 NumCPUs=80 NumTasks=40 CPUs/Task=1 ReqB:S:C:T=0:0:*:*
   TRES=cpu=80,node=1,billing=40
   Socks/Node=* NtasksPerN:B:S:C=0:0:*:* CoreSpec=*
   MinCPUsNode=1 MinMemoryNode=0 MinTmpDiskNode=0
   Features=[skylake|cascade] DelayBoot=00:00:00
   OverSubscribe=NO Contiguous=0 Licenses=(null) Network=(null)
   Command=(null)
   WorkDir=/gpfs/fs0/scratch/j/jphickey/jmrepps/Code
   Power=

sacct -j 3097390
       JobID    JobName    Account    Elapsed  MaxVMSize     MaxRSS  SystemCPU    UserCPU ExitCode 
------------ ---------- ---------- ---------- ---------- ---------- ---------- ---------- -------- 
3097390      debugjob-+ rrg-jphic+   00:36:02                        04:56.020   10:45:21      0:0 
3097390.ext+     extern rrg-jphic+   00:36:02    137132K      1712K  00:00.034  00:00.049      0:0 
3097390.0          bash rrg-jphic+   00:35:57  17647468K   1557120K  04:55.985   10:45:21      0:0 
