
scontrol show jobid 3094331
JobId=3094331 JobName=debugjob-1-jmrepps
   UserId=jmrepps(3075104) GroupId=jphickey(6004287) MCS_label=N/A
   Priority=10976420 Nice=0 Account=rrg-jphickey QOS=normal
   JobState=COMPLETING Reason=None Dependency=(null)
   Requeue=0 Restarts=0 BatchFlag=0 Reboot=0 ExitCode=0:0
   RunTime=00:15:48 TimeLimit=01:00:00 TimeMin=N/A
   SubmitTime=2020-04-27T14:31:06 EligibleTime=2020-04-27T14:31:06
   AccrueTime=Unknown
   StartTime=2020-04-27T14:31:06 EndTime=2020-04-27T14:46:54 Deadline=N/A
   SuspendTime=None SecsPreSuspend=0 LastSchedEval=2020-04-27T14:31:06
   Partition=debug AllocNode:Sid=nia-login02:216927
   ReqNodeList=(null) ExcNodeList=(null)
   NodeList=nia0021
   BatchHost=nia0021
   NumNodes=1 NumCPUs=80 NumTasks=40 CPUs/Task=1 ReqB:S:C:T=0:0:*:*
   TRES=cpu=80,node=1,billing=40
   Socks/Node=* NtasksPerN:B:S:C=0:0:*:* CoreSpec=*
   MinCPUsNode=1 MinMemoryNode=0 MinTmpDiskNode=0
   Features=[skylake|cascade] DelayBoot=00:00:00
   OverSubscribe=NO Contiguous=0 Licenses=(null) Network=(null)
   Command=(null)
   WorkDir=/gpfs/fs0/scratch/j/jphickey/jmrepps/Code
   Power=

sacct -j 3094331
       JobID    JobName    Account    Elapsed  MaxVMSize     MaxRSS  SystemCPU    UserCPU ExitCode 
------------ ---------- ---------- ---------- ---------- ---------- ---------- ---------- -------- 
3094331      debugjob-+ rrg-jphic+   00:15:48                        00:59.124  40:23.538      0:0 
3094331.ext+     extern rrg-jphic+   00:15:48    137132K      1712K  00:00.029  00:00.054      0:0 
3094331.0          bash rrg-jphic+   00:15:43    542920K     11804K  00:00.222  00:00.229      0:0 
3094331.1     pmi_proxy rrg-jphic+   00:01:19   5146560K    334556K  00:43.363  23:53.062      0:0 
3094331.2     pmi_proxy rrg-jphic+   00:00:40   7689252K    597224K  00:11.666  10:09.461      0:0 
3094331.3     pmi_proxy rrg-jphic+   00:00:19    206020K      1240K  00:03.841  06:20.730      0:0 
