
scontrol show jobid 3096125
JobId=3096125 JobName=debugjob-1-jmrepps
   UserId=jmrepps(3075104) GroupId=jphickey(6004287) MCS_label=N/A
   Priority=10982631 Nice=0 Account=rrg-jphickey QOS=normal
   JobState=COMPLETING Reason=None Dependency=(null)
   Requeue=0 Restarts=0 BatchFlag=0 Reboot=0 ExitCode=0:0
   RunTime=00:37:33 TimeLimit=01:00:00 TimeMin=N/A
   SubmitTime=2020-04-27T17:50:02 EligibleTime=2020-04-27T17:50:02
   AccrueTime=Unknown
   StartTime=2020-04-27T17:50:02 EndTime=2020-04-27T18:27:35 Deadline=N/A
   SuspendTime=None SecsPreSuspend=0 LastSchedEval=2020-04-27T17:50:02
   Partition=debug AllocNode:Sid=nia-login05:373897
   ReqNodeList=(null) ExcNodeList=(null)
   NodeList=nia0001
   BatchHost=nia0001
   NumNodes=1 NumCPUs=80 NumTasks=40 CPUs/Task=1 ReqB:S:C:T=0:0:*:*
   TRES=cpu=80,node=1,billing=40
   Socks/Node=* NtasksPerN:B:S:C=0:0:*:* CoreSpec=*
   MinCPUsNode=1 MinMemoryNode=0 MinTmpDiskNode=0
   Features=[skylake|cascade] DelayBoot=00:00:00
   OverSubscribe=NO Contiguous=0 Licenses=(null) Network=(null)
   Command=(null)
   WorkDir=/gpfs/fs0/scratch/j/jphickey/jmrepps/Code
   Power=

sacct -j 3096125
       JobID    JobName    Account    Elapsed  MaxVMSize     MaxRSS  SystemCPU    UserCPU ExitCode 
------------ ---------- ---------- ---------- ---------- ---------- ---------- ---------- -------- 
3096125      debugjob-+ rrg-jphic+   00:37:34                         00:00:00   00:00:00      0:0 
3096125.ext+     extern rrg-jphic+   00:37:34                         00:00:00   00:00:00      0:0 
3096125.0          bash rrg-jphic+   00:37:29                         00:00:00   00:00:00      0:0 
