
scontrol show jobid 3134332
JobId=3134332 JobName=debugjob-1-jmrepps
   UserId=jmrepps(3075104) GroupId=jphickey(6004287) MCS_label=N/A
   Priority=11268698 Nice=0 Account=rrg-jphickey QOS=normal
   JobState=COMPLETING Reason=None Dependency=(null)
   Requeue=0 Restarts=0 BatchFlag=0 Reboot=0 ExitCode=0:0
   RunTime=00:40:34 TimeLimit=01:00:00 TimeMin=N/A
   SubmitTime=2020-04-30T15:12:49 EligibleTime=2020-04-30T15:12:49
   AccrueTime=2020-04-30T15:12:49
   StartTime=2020-04-30T15:12:55 EndTime=2020-04-30T15:53:29 Deadline=N/A
   SuspendTime=None SecsPreSuspend=0 LastSchedEval=2020-04-30T15:12:55
   Partition=debug AllocNode:Sid=nia-login03:100286
   ReqNodeList=(null) ExcNodeList=(null)
   NodeList=nia0523
   BatchHost=nia0523
   NumNodes=1 NumCPUs=80 NumTasks=40 CPUs/Task=1 ReqB:S:C:T=0:0:*:*
   TRES=cpu=80,node=1,billing=40
   Socks/Node=* NtasksPerN:B:S:C=0:0:*:* CoreSpec=*
   MinCPUsNode=1 MinMemoryNode=0 MinTmpDiskNode=0
   Features=[skylake|cascade] DelayBoot=00:00:00
   OverSubscribe=NO Contiguous=0 Licenses=(null) Network=(null)
   Command=(null)
   WorkDir=/gpfs/fs0/scratch/j/jphickey/jmrepps/Code
   Power=

sacct -j 3134332
       JobID    JobName    Account    Elapsed  MaxVMSize     MaxRSS  SystemCPU    UserCPU ExitCode 
------------ ---------- ---------- ---------- ---------- ---------- ---------- ---------- -------- 
3134332      debugjob-+ rrg-jphic+   00:40:34                        00:37.199   16:25:35      0:0 
3134332.ext+     extern rrg-jphic+   00:40:34    137132K      1712K  00:00.036  00:00.048      0:0 
3134332.0          bash rrg-jphic+   00:40:31  41708068K   3830140K  00:37.163   16:25:35      0:0 
