
scontrol show jobid 3130272
JobId=3130272 JobName=debugjob-1-jmrepps
   UserId=jmrepps(3075104) GroupId=jphickey(6004287) MCS_label=N/A
   Priority=11282648 Nice=0 Account=rrg-jphickey QOS=normal
   JobState=COMPLETING Reason=NonZeroExitCode Dependency=(null)
   Requeue=0 Restarts=0 BatchFlag=0 Reboot=0 ExitCode=1:0
   RunTime=00:34:50 TimeLimit=01:00:00 TimeMin=N/A
   SubmitTime=2020-04-30T11:24:43 EligibleTime=2020-04-30T11:24:43
   AccrueTime=Unknown
   StartTime=2020-04-30T11:24:43 EndTime=2020-04-30T11:59:33 Deadline=N/A
   SuspendTime=None SecsPreSuspend=0 LastSchedEval=2020-04-30T11:24:43
   Partition=debug AllocNode:Sid=nia-login02:194146
   ReqNodeList=(null) ExcNodeList=(null)
   NodeList=nia0105
   BatchHost=nia0105
   NumNodes=1 NumCPUs=80 NumTasks=40 CPUs/Task=1 ReqB:S:C:T=0:0:*:*
   TRES=cpu=80,node=1,billing=40
   Socks/Node=* NtasksPerN:B:S:C=0:0:*:* CoreSpec=*
   MinCPUsNode=1 MinMemoryNode=0 MinTmpDiskNode=0
   Features=[skylake|cascade] DelayBoot=00:00:00
   OverSubscribe=NO Contiguous=0 Licenses=(null) Network=(null)
   Command=(null)
   WorkDir=/gpfs/fs0/scratch/j/jphickey/jmrepps/Code
   Power=

sacct -j 3130272
       JobID    JobName    Account    Elapsed  MaxVMSize     MaxRSS  SystemCPU    UserCPU ExitCode 
------------ ---------- ---------- ---------- ---------- ---------- ---------- ---------- -------- 
3130272      debugjob-+ rrg-jphic+   00:34:50                        00:00.360  00:00.370      1:0 
3130272.ext+     extern rrg-jphic+   00:34:50    137132K      1712K  00:00.041  00:00.042      0:0 
3130272.0          bash rrg-jphic+   00:34:45  41556248K   3433724K  00:00.319  00:00.327      1:0 
