
scontrol show jobid 3087875
JobId=3087875 JobName=debugjob-1-jmrepps
   UserId=jmrepps(3075104) GroupId=jphickey(6004287) MCS_label=N/A
   Priority=11021622 Nice=0 Account=rrg-jphickey QOS=normal
   JobState=COMPLETING Reason=TimeLimit Dependency=(null)
   Requeue=0 Restarts=0 BatchFlag=0 Reboot=0 ExitCode=0:0
   RunTime=01:00:29 TimeLimit=01:00:00 TimeMin=N/A
   SubmitTime=2020-04-26T22:06:28 EligibleTime=2020-04-26T22:06:28
   AccrueTime=2020-04-26T22:06:28
   StartTime=2020-04-26T22:06:30 EndTime=2020-04-26T23:06:59 Deadline=N/A
   SuspendTime=None SecsPreSuspend=0 LastSchedEval=2020-04-26T22:06:30
   Partition=debug AllocNode:Sid=nia-login03:318833
   ReqNodeList=(null) ExcNodeList=(null)
   NodeList=nia1274
   BatchHost=nia1274
   NumNodes=1 NumCPUs=80 NumTasks=40 CPUs/Task=1 ReqB:S:C:T=0:0:*:*
   TRES=cpu=80,node=1,billing=40
   Socks/Node=* NtasksPerN:B:S:C=0:0:*:* CoreSpec=*
   MinCPUsNode=1 MinMemoryNode=0 MinTmpDiskNode=0
   Features=[skylake|cascade] DelayBoot=00:00:00
   OverSubscribe=NO Contiguous=0 Licenses=(null) Network=(null)
   Command=(null)
   WorkDir=/gpfs/fs0/scratch/j/jphickey/jmrepps/Code
   Power=

sacct -j 3087875
       JobID    JobName    Account    Elapsed  MaxVMSize     MaxRSS  SystemCPU    UserCPU ExitCode 
------------ ---------- ---------- ---------- ---------- ---------- ---------- ---------- -------- 
3087875      debugjob-+ rrg-jphic+   01:00:29                        37:31.203 1-13:35:30      0:0 
3087875.ext+     extern rrg-jphic+   01:00:29    137132K      1716K  00:00.032  00:00.053      0:0 
3087875.0          bash rrg-jphic+   01:01:24  32857656K   2191684K  37:31.171 1-13:35:30      0:9 
