
scontrol show jobid 3092513
JobId=3092513 JobName=debugjob-2-jmrepps
   UserId=jmrepps(3075104) GroupId=jphickey(6004287) MCS_label=N/A
   Priority=10973234 Nice=0 Account=rrg-jphickey QOS=normal
   JobState=COMPLETED Reason=None Dependency=(null)
   Requeue=0 Restarts=0 BatchFlag=0 Reboot=0 ExitCode=0:0
   RunTime=00:22:02 TimeLimit=00:45:00 TimeMin=N/A
   SubmitTime=2020-04-27T10:29:48 EligibleTime=2020-04-27T10:29:48
   AccrueTime=Unknown
   StartTime=2020-04-27T10:29:48 EndTime=2020-04-27T10:51:50 Deadline=N/A
   SuspendTime=None SecsPreSuspend=0 LastSchedEval=2020-04-27T10:29:48
   Partition=debug AllocNode:Sid=nia-login06:149688
   ReqNodeList=(null) ExcNodeList=(null)
   NodeList=nia[0001-0002]
   BatchHost=nia0001
   NumNodes=2 NumCPUs=160 NumTasks=80 CPUs/Task=1 ReqB:S:C:T=0:0:*:*
   TRES=cpu=160,node=2,billing=80
   Socks/Node=* NtasksPerN:B:S:C=0:0:*:* CoreSpec=*
   MinCPUsNode=1 MinMemoryNode=0 MinTmpDiskNode=0
   Features=[skylake|cascade] DelayBoot=00:00:00
   OverSubscribe=NO Contiguous=0 Licenses=(null) Network=(null)
   Command=(null)
   WorkDir=/gpfs/fs0/scratch/j/jphickey/jmrepps/Code
   Power=

sacct -j 3092513
       JobID    JobName    Account    Elapsed  MaxVMSize     MaxRSS  SystemCPU    UserCPU ExitCode 
------------ ---------- ---------- ---------- ---------- ---------- ---------- ---------- -------- 
3092513      debugjob-+ rrg-jphic+   00:22:02                        00:26.431   08:19:49      0:0 
3092513.ext+     extern rrg-jphic+   00:22:02    137132K      1712K  00:00.070  00:00.097      0:0 
3092513.0          bash rrg-jphic+   00:21:59  42083336K   3663196K  00:26.360   08:19:49      0:0 
