
scontrol show jobid 3112908
JobId=3112908 JobName=debugjob-1-jmrepps
   UserId=jmrepps(3075104) GroupId=jphickey(6004287) MCS_label=N/A
   Priority=11235769 Nice=0 Account=rrg-jphickey QOS=normal
   JobState=COMPLETED Reason=None Dependency=(null)
   Requeue=0 Restarts=0 BatchFlag=0 Reboot=0 ExitCode=0:0
   RunTime=00:21:50 TimeLimit=01:00:00 TimeMin=N/A
   SubmitTime=2020-04-29T10:36:53 EligibleTime=2020-04-29T10:36:53
   AccrueTime=2020-04-29T10:36:53
   StartTime=2020-04-29T10:36:57 EndTime=2020-04-29T10:58:47 Deadline=N/A
   SuspendTime=None SecsPreSuspend=0 LastSchedEval=2020-04-29T10:36:57
   Partition=debug AllocNode:Sid=nia-login07:239441
   ReqNodeList=(null) ExcNodeList=(null)
   NodeList=nia0097
   BatchHost=nia0097
   NumNodes=1 NumCPUs=80 NumTasks=40 CPUs/Task=1 ReqB:S:C:T=0:0:*:*
   TRES=cpu=80,node=1,billing=40
   Socks/Node=* NtasksPerN:B:S:C=0:0:*:* CoreSpec=*
   MinCPUsNode=1 MinMemoryNode=0 MinTmpDiskNode=0
   Features=[skylake|cascade] DelayBoot=00:00:00
   OverSubscribe=NO Contiguous=0 Licenses=(null) Network=(null)
   Command=(null)
   WorkDir=/gpfs/fs0/scratch/j/jphickey/jmrepps/Code
   Power=

sacct -j 3112908
       JobID    JobName    Account    Elapsed  MaxVMSize     MaxRSS  SystemCPU    UserCPU ExitCode 
------------ ---------- ---------- ---------- ---------- ---------- ---------- ---------- -------- 
3112908      debugjob-+ rrg-jphic+   00:21:50                        01:22.292   12:38:38      0:0 
3112908.ext+     extern rrg-jphic+   00:21:50    137132K      1708K  00:00.037  00:00.047      0:0 
3112908.0          bash rrg-jphic+   00:21:47  41759776K   3882300K  01:22.255   12:38:38      0:0 
