
scontrol show jobid 3089024
JobId=3089024 JobName=debugjob-1-jmrepps
   UserId=jmrepps(3075104) GroupId=jphickey(6004287) MCS_label=N/A
   Priority=11003010 Nice=0 Account=rrg-jphickey QOS=normal
   JobState=COMPLETING Reason=None Dependency=(null)
   Requeue=0 Restarts=0 BatchFlag=0 Reboot=0 ExitCode=0:0
   RunTime=00:52:08 TimeLimit=01:00:00 TimeMin=N/A
   SubmitTime=2020-04-27T00:03:19 EligibleTime=2020-04-27T00:03:19
   AccrueTime=2020-04-27T00:03:19
   StartTime=2020-04-27T00:04:06 EndTime=2020-04-27T00:56:14 Deadline=N/A
   SuspendTime=None SecsPreSuspend=0 LastSchedEval=2020-04-27T00:04:06
   Partition=debug AllocNode:Sid=nia-login03:318833
   ReqNodeList=(null) ExcNodeList=(null)
   NodeList=nia0243
   BatchHost=nia0243
   NumNodes=1 NumCPUs=80 NumTasks=40 CPUs/Task=1 ReqB:S:C:T=0:0:*:*
   TRES=cpu=80,node=1,billing=40
   Socks/Node=* NtasksPerN:B:S:C=0:0:*:* CoreSpec=*
   MinCPUsNode=1 MinMemoryNode=0 MinTmpDiskNode=0
   Features=[skylake|cascade] DelayBoot=00:00:00
   OverSubscribe=NO Contiguous=0 Licenses=(null) Network=(null)
   Command=(null)
   WorkDir=/gpfs/fs0/scratch/j/jphickey/jmrepps/Code
   Power=

sacct -j 3089024
       JobID    JobName    Account    Elapsed  MaxVMSize     MaxRSS  SystemCPU    UserCPU ExitCode 
------------ ---------- ---------- ---------- ---------- ---------- ---------- ---------- -------- 
3089024      debugjob-+ rrg-jphic+   00:52:08                        40:32.649   17:01:07      0:0 
3089024.ext+     extern rrg-jphic+   00:52:08    137132K      1708K  00:00.024  00:00.059      0:0 
3089024.0          bash rrg-jphic+   00:52:05  41853308K   3862772K  40:32.625   17:01:06      0:0 
