
scontrol show jobid 3100962
JobId=3100962 JobName=debugjob-1-jmrepps
   UserId=jmrepps(3075104) GroupId=jphickey(6004287) MCS_label=N/A
   Priority=11101065 Nice=0 Account=rrg-jphickey QOS=normal
   JobState=COMPLETED Reason=None Dependency=(null)
   Requeue=0 Restarts=0 BatchFlag=0 Reboot=0 ExitCode=0:0
   RunTime=00:09:20 TimeLimit=01:00:00 TimeMin=N/A
   SubmitTime=2020-04-28T10:14:41 EligibleTime=2020-04-28T10:14:41
   AccrueTime=Unknown
   StartTime=2020-04-28T10:14:41 EndTime=2020-04-28T10:24:01 Deadline=N/A
   SuspendTime=None SecsPreSuspend=0 LastSchedEval=2020-04-28T10:14:41
   Partition=debug AllocNode:Sid=nia-login03:85180
   ReqNodeList=(null) ExcNodeList=(null)
   NodeList=nia0002
   BatchHost=nia0002
   NumNodes=1 NumCPUs=80 NumTasks=40 CPUs/Task=1 ReqB:S:C:T=0:0:*:*
   TRES=cpu=80,node=1,billing=40
   Socks/Node=* NtasksPerN:B:S:C=0:0:*:* CoreSpec=*
   MinCPUsNode=1 MinMemoryNode=0 MinTmpDiskNode=0
   Features=[skylake|cascade] DelayBoot=00:00:00
   OverSubscribe=NO Contiguous=0 Licenses=(null) Network=(null)
   Command=(null)
   WorkDir=/gpfs/fs0/scratch/j/jphickey/jmrepps/Code
   Power=

sacct -j 3100962
       JobID    JobName    Account    Elapsed  MaxVMSize     MaxRSS  SystemCPU    UserCPU ExitCode 
------------ ---------- ---------- ---------- ---------- ---------- ---------- ---------- -------- 
3100962      debugjob-+ rrg-jphic+   00:09:20                        00:41.246   02:20:18      0:0 
3100962.ext+     extern rrg-jphic+   00:09:20    137132K      1716K  00:00.029  00:00.054      0:0 
3100962.0          bash rrg-jphic+   00:09:15  41555436K   3545032K  00:41.216   02:20:18      0:0 
