
scontrol show jobid 3122979
JobId=3122979 JobName=debugjob-1-jmrepps
   UserId=jmrepps(3075104) GroupId=jphickey(6004287) MCS_label=N/A
   Priority=11256242 Nice=0 Account=rrg-jphickey QOS=normal
   JobState=COMPLETING Reason=NonZeroExitCode Dependency=(null)
   Requeue=0 Restarts=0 BatchFlag=0 Reboot=0 ExitCode=1:0
   RunTime=00:46:45 TimeLimit=01:00:00 TimeMin=N/A
   SubmitTime=2020-04-29T18:30:25 EligibleTime=2020-04-29T18:30:25
   AccrueTime=Unknown
   StartTime=2020-04-29T18:30:25 EndTime=2020-04-29T19:17:10 Deadline=N/A
   SuspendTime=None SecsPreSuspend=0 LastSchedEval=2020-04-29T18:30:25
   Partition=debug AllocNode:Sid=nia-login06:86262
   ReqNodeList=(null) ExcNodeList=(null)
   NodeList=nia0001
   BatchHost=nia0001
   NumNodes=1 NumCPUs=80 NumTasks=40 CPUs/Task=1 ReqB:S:C:T=0:0:*:*
   TRES=cpu=80,node=1,billing=40
   Socks/Node=* NtasksPerN:B:S:C=0:0:*:* CoreSpec=*
   MinCPUsNode=1 MinMemoryNode=0 MinTmpDiskNode=0
   Features=[skylake|cascade] DelayBoot=00:00:00
   OverSubscribe=NO Contiguous=0 Licenses=(null) Network=(null)
   Command=(null)
   WorkDir=/gpfs/fs0/scratch/j/jphickey/jmrepps/Code
   Power=

sacct -j 3122979
       JobID    JobName    Account    Elapsed  MaxVMSize     MaxRSS  SystemCPU    UserCPU ExitCode 
------------ ---------- ---------- ---------- ---------- ---------- ---------- ---------- -------- 
3122979      debugjob-+ rrg-jphic+   00:46:46                        05:35.492   21:15:25      0:0 
3122979.ext+     extern rrg-jphic+   00:46:46                         00:00:00   00:00:00      0:0 
3122979.0          bash rrg-jphic+   00:46:42  41764712K   3936968K  05:35.492   21:15:25      1:0 
