
scontrol show jobid 3166951
JobId=3166951 JobName=debugjob-1-jmrepps
   UserId=jmrepps(3075104) GroupId=jphickey(6004287) MCS_label=N/A
   Priority=11221776 Nice=0 Account=rrg-jphickey QOS=normal
   JobState=COMPLETING Reason=None Dependency=(null)
   Requeue=0 Restarts=0 BatchFlag=0 Reboot=0 ExitCode=0:0
   RunTime=00:28:02 TimeLimit=01:00:00 TimeMin=N/A
   SubmitTime=2020-05-04T10:09:09 EligibleTime=2020-05-04T10:09:09
   AccrueTime=2020-05-04T10:09:09
   StartTime=2020-05-04T10:09:11 EndTime=2020-05-04T10:37:13 Deadline=N/A
   SuspendTime=None SecsPreSuspend=0 LastSchedEval=2020-05-04T10:09:11
   Partition=debug AllocNode:Sid=nia-login03:158207
   ReqNodeList=(null) ExcNodeList=(null)
   NodeList=nia0168
   BatchHost=nia0168
   NumNodes=1 NumCPUs=80 NumTasks=40 CPUs/Task=1 ReqB:S:C:T=0:0:*:*
   TRES=cpu=80,node=1,billing=40
   Socks/Node=* NtasksPerN:B:S:C=0:0:*:* CoreSpec=*
   MinCPUsNode=1 MinMemoryNode=0 MinTmpDiskNode=0
   Features=[skylake|cascade] DelayBoot=00:00:00
   OverSubscribe=NO Contiguous=0 Licenses=(null) Network=(null)
   Command=(null)
   WorkDir=/gpfs/fs0/scratch/j/jphickey/jmrepps/Code
   Power=

sacct -j 3166951
       JobID    JobName    Account    Elapsed  MaxVMSize     MaxRSS  SystemCPU    UserCPU ExitCode 
------------ ---------- ---------- ---------- ---------- ---------- ---------- ---------- -------- 
3166951      debugjob-+ rrg-jphic+   00:28:02                        11:18.239   08:39:21      0:0 
3166951.ext+     extern rrg-jphic+   00:28:02    137132K      1708K  00:00.025  00:00.058      0:0 
3166951.0          bash rrg-jphic+   00:27:57  17780152K   1690936K  11:18.213   08:39:21      0:0 
